<?xml version="1.0" encoding="UTF-8"?>
<!-- Generated by org.testng.reporters.JUnitReportReporter -->
<testsuite skipped="0" hostname="LAPTOP-2UEFUCRO" name="VAriousConcept.LearnTestNG" tests="1" failures="0" timestamp="2021-01-19T14:11:27 CST" time="12.425" errors="0">
  <testcase name="loginTest" time="12.425" classname="VAriousConcept.LearnTestNG"/>
  <system-out/>
</testsuite> <!-- VAriousConcept.LearnTestNG -->
